<?xml version="1.0" encoding="UTF-8"?>
<testsuite xmlns:xsi="http://www.w3.org/2001/XMLSchema-instance" xsi:noNamespaceSchemaLocation="https://maven.apache.org/surefire/maven-surefire-plugin/xsd/surefire-test-report-3.0.xsd" version="3.0" name="com.example.FactorialCalculatorTest" time="0.132" tests="32" errors="0" skipped="0" failures="0">
  <properties>
    <property name="java.specification.version" value="21"/>
    <property name="sun.cpu.isalist" value="amd64"/>
    <property name="sun.jnu.encoding" value="Cp1252"/>
    <property name="java.class.path" value="D:\Universidad\Materias de Posgrado\Construccion y Pruebas de Software I\Factorial con recursividad\factorialrecursivo\target\test-classes;D:\Universidad\Materias de Posgrado\Construccion y Pruebas de Software I\Factorial con recursividad\factorialrecursivo\target\classes;C:\Users\Sammuxito\.m2\repository\org\junit\jupiter\junit-jupiter\5.9.3\junit-jupiter-5.9.3.jar;C:\Users\Sammuxito\.m2\repository\org\junit\jupiter\junit-jupiter-api\5.9.3\junit-jupiter-api-5.9.3.jar;C:\Users\Sammuxito\.m2\repository\org\opentest4j\opentest4j\1.2.0\opentest4j-1.2.0.jar;C:\Users\Sammuxito\.m2\repository\org\junit\platform\junit-platform-commons\1.9.3\junit-platform-commons-1.9.3.jar;C:\Users\Sammuxito\.m2\repository\org\apiguardian\apiguardian-api\1.1.2\apiguardian-api-1.1.2.jar;C:\Users\Sammuxito\.m2\repository\org\junit\jupiter\junit-jupiter-params\5.9.3\junit-jupiter-params-5.9.3.jar;C:\Users\Sammuxito\.m2\repository\org\junit\jupiter\junit-jupiter-engine\5.9.3\junit-jupiter-engine-5.9.3.jar;C:\Users\Sammuxito\.m2\repository\org\junit\platform\junit-platform-engine\1.9.3\junit-platform-engine-1.9.3.jar;"/>
    <property name="java.vm.vendor" value="Eclipse Adoptium"/>
    <property name="sun.arch.data.model" value="64"/>
    <property name="user.variant" value=""/>
    <property name="java.vendor.url" value="https://adoptium.net/"/>
    <property name="user.timezone" value="America/Bogota"/>
    <property name="os.name" value="Windows 11"/>
    <property name="java.vm.specification.version" value="21"/>
    <property name="sun.java.launcher" value="SUN_STANDARD"/>
    <property name="user.country" value="US"/>
    <property name="sun.boot.library.path" value="C:\Program Files\Eclipse Adoptium\jdk-21.0.8.9-hotspot\bin"/>
    <property name="sun.java.command" value="C:\Users\Sammuxito\AppData\Local\Temp\surefire2090003452839587139\surefirebooter-20250907203214774_3.jar C:\Users\Sammuxito\AppData\Local\Temp\surefire2090003452839587139 2025-09-07T20-32-14_639-jvmRun1 surefire-20250907203214774_1tmp surefire_0-20250907203214774_2tmp"/>
    <property name="jdk.debug" value="release"/>
    <property name="test" value="FactorialCalculatorTest"/>
    <property name="surefire.test.class.path" value="D:\Universidad\Materias de Posgrado\Construccion y Pruebas de Software I\Factorial con recursividad\factorialrecursivo\target\test-classes;D:\Universidad\Materias de Posgrado\Construccion y Pruebas de Software I\Factorial con recursividad\factorialrecursivo\target\classes;C:\Users\Sammuxito\.m2\repository\org\junit\jupiter\junit-jupiter\5.9.3\junit-jupiter-5.9.3.jar;C:\Users\Sammuxito\.m2\repository\org\junit\jupiter\junit-jupiter-api\5.9.3\junit-jupiter-api-5.9.3.jar;C:\Users\Sammuxito\.m2\repository\org\opentest4j\opentest4j\1.2.0\opentest4j-1.2.0.jar;C:\Users\Sammuxito\.m2\repository\org\junit\platform\junit-platform-commons\1.9.3\junit-platform-commons-1.9.3.jar;C:\Users\Sammuxito\.m2\repository\org\apiguardian\apiguardian-api\1.1.2\apiguardian-api-1.1.2.jar;C:\Users\Sammuxito\.m2\repository\org\junit\jupiter\junit-jupiter-params\5.9.3\junit-jupiter-params-5.9.3.jar;C:\Users\Sammuxito\.m2\repository\org\junit\jupiter\junit-jupiter-engine\5.9.3\junit-jupiter-engine-5.9.3.jar;C:\Users\Sammuxito\.m2\repository\org\junit\platform\junit-platform-engine\1.9.3\junit-platform-engine-1.9.3.jar;"/>
    <property name="sun.cpu.endian" value="little"/>
    <property name="user.home" value="C:\Users\Sammuxito"/>
    <property name="user.language" value="en"/>
    <property name="java.specification.vendor" value="Oracle Corporation"/>
    <property name="java.version.date" value="2025-07-15"/>
    <property name="java.home" value="C:\Program Files\Eclipse Adoptium\jdk-21.0.8.9-hotspot"/>
    <property name="file.separator" value="\"/>
    <property name="basedir" value="D:\Universidad\Materias de Posgrado\Construccion y Pruebas de Software I\Factorial con recursividad\factorialrecursivo"/>
    <property name="java.vm.compressedOopsMode" value="Zero based"/>
    <property name="line.separator" value="&#10;"/>
    <property name="java.vm.specification.vendor" value="Oracle Corporation"/>
    <property name="java.specification.name" value="Java Platform API Specification"/>
    <property name="surefire.real.class.path" value="C:\Users\Sammuxito\AppData\Local\Temp\surefire2090003452839587139\surefirebooter-20250907203214774_3.jar"/>
    <property name="user.script" value=""/>
    <property name="sun.management.compiler" value="HotSpot 64-Bit Tiered Compilers"/>
    <property name="java.runtime.version" value="21.0.8+9-LTS"/>
    <property name="user.name" value="Sammuxito"/>
    <property name="stdout.encoding" value="Cp1252"/>
    <property name="path.separator" value=";"/>
    <property name="os.version" value="10.0"/>
    <property name="java.runtime.name" value="OpenJDK Runtime Environment"/>
    <property name="file.encoding" value="UTF-8"/>
    <property name="java.vm.name" value="OpenJDK 64-Bit Server VM"/>
    <property name="java.vendor.version" value="Temurin-21.0.8+9"/>
    <property name="localRepository" value="C:\Users\Sammuxito\.m2\repository"/>
    <property name="java.vendor.url.bug" value="https://github.com/adoptium/adoptium-support/issues"/>
    <property name="java.io.tmpdir" value="C:\Users\SAMMUX~1\AppData\Local\Temp\"/>
    <property name="java.version" value="21.0.8"/>
    <property name="user.dir" value="D:\Universidad\Materias de Posgrado\Construccion y Pruebas de Software I\Factorial con recursividad\factorialrecursivo"/>
    <property name="os.arch" value="amd64"/>
    <property name="java.vm.specification.name" value="Java Virtual Machine Specification"/>
    <property name="sun.os.patch.level" value=""/>
    <property name="native.encoding" value="Cp1252"/>
    <property name="java.library.path" value="C:\Program Files\Eclipse Adoptium\jdk-21.0.8.9-hotspot\bin;C:\WINDOWS\Sun\Java\bin;C:\WINDOWS\system32;C:\WINDOWS;C:\Program Files\Eclipse Adoptium\jdk-21.0.8.9-hotspot\bin;C:\Program Files\PowerShell\7-preview;C:\Program Files\Eclipse Adoptium\jdk-21.0.8.9-hotspot\bin;C:\Program Files (x86)\Common Files\Oracle\Java\javapath;C:\ProgramData\Oracle\Java\javapath;C:\WINDOWS\system32;C:\WINDOWS;C:\WINDOWS\System32\Wbem;C:\WINDOWS\System32\WindowsPowerShell\v1.0\;C:\WINDOWS\System32\OpenSSH\;C:\Program Files (x86)\dotnet\;C:\Program Files\dotnet\;C:\Program Files\Git\cmd;C:\Program Files\PowerShell\7-preview\preview;D:\Instaladores\maven-mvnd-1.0.2-windows-amd64\maven-mvnd-1.0.2-windows-amd64\bin;C:\Program Files\Java\jre1.8.0_341\bin;D:\Instaladores\apache-maven-3.9.11-bin\apache-maven-3.9.11\bin;C:\Users\Sammuxito\AppData\Local\Microsoft\WindowsApps;D:\ProgramasDEstudio\VSCode\Microsoft VS Code\bin;C:\Program Files\Git\bin;;."/>
    <property name="java.vm.info" value="mixed mode, sharing"/>
    <property name="stderr.encoding" value="Cp1252"/>
    <property name="java.vendor" value="Eclipse Adoptium"/>
    <property name="java.vm.version" value="21.0.8+9-LTS"/>
    <property name="sun.io.unicode.encoding" value="UnicodeLittle"/>
    <property name="java.class.version" value="65.0"/>
  </properties>
  <testcase name="testFactorialNumeroGrande" classname="com.example.FactorialCalculatorTest" time="0.05"/>
  <testcase name="testMultiplicarPositivoPorNegativo" classname="com.example.FactorialCalculatorTest" time="0.001"/>
  <testcase name="testMultiplicarPorCero" classname="com.example.FactorialCalculatorTest" time="0.0"/>
  <testcase name="testFactorialEdgeCase" classname="com.example.FactorialCalculatorTest" time="0.011"/>
  <testcase name="testMultiplicarDosPorDos" classname="com.example.FactorialCalculatorTest" time="0.0"/>
  <testcase name="testFactorialDeCinco" classname="com.example.FactorialCalculatorTest" time="0.001"/>
  <testcase name="testFactorialDeNueve" classname="com.example.FactorialCalculatorTest" time="0.001"/>
  <testcase name="testFactorialDeSiete" classname="com.example.FactorialCalculatorTest" time="0.001"/>
  <testcase name="testFactorialDeTrece" classname="com.example.FactorialCalculatorTest" time="0.0"/>
  <testcase name="testMultiplicarCeroPorCero" classname="com.example.FactorialCalculatorTest" time="0.001"/>
  <testcase name="testMultiplicarMaximoValor" classname="com.example.FactorialCalculatorTest" time="0.001"/>
  <testcase name="testFactorialDeDos" classname="com.example.FactorialCalculatorTest" time="0.002"/>
  <testcase name="testFactorialDeUno" classname="com.example.FactorialCalculatorTest" time="0.0"/>
  <testcase name="testMultiplicarNumerosNegativos" classname="com.example.FactorialCalculatorTest" time="0.001"/>
  <testcase name="testMultiplicarNegativos" classname="com.example.FactorialCalculatorTest" time="0.002"/>
  <testcase name="testMultiplicarSimetria" classname="com.example.FactorialCalculatorTest" time="0.001"/>
  <testcase name="testMultiplicarUnoPorCero" classname="com.example.FactorialCalculatorTest" time="0.0"/>
  <testcase name="testMultiplicarDiezPorDiez" classname="com.example.FactorialCalculatorTest" time="0.001"/>
  <testcase name="testFactorialDeCatorce" classname="com.example.FactorialCalculatorTest" time="0.001"/>
  <testcase name="testMultiplicarNumerosGrandes" classname="com.example.FactorialCalculatorTest" time="0.001"/>
  <testcase name="testFactorialDeCuatro" classname="com.example.FactorialCalculatorTest" time="0.001"/>
  <testcase name="testMultiplicarPorUno" classname="com.example.FactorialCalculatorTest" time="0.0"/>
  <testcase name="testFactorialDeQuince" classname="com.example.FactorialCalculatorTest" time="0.001"/>
  <testcase name="testFactorialDeVeinte" classname="com.example.FactorialCalculatorTest" time="0.001"/>
  <testcase name="testMultiplicarNegativoPorPositivo" classname="com.example.FactorialCalculatorTest" time="0.001"/>
  <testcase name="testFactorialDeCero" classname="com.example.FactorialCalculatorTest" time="0.001"/>
  <testcase name="testFactorialDeDiez" classname="com.example.FactorialCalculatorTest" time="0.001"/>
  <testcase name="testFactorialDeDoce" classname="com.example.FactorialCalculatorTest" time="0.001"/>
  <testcase name="testFactorialDeOcho" classname="com.example.FactorialCalculatorTest" time="0.001"/>
  <testcase name="testFactorialDeSeis" classname="com.example.FactorialCalculatorTest" time="0.001"/>
  <testcase name="testFactorialDeTres" classname="com.example.FactorialCalculatorTest" time="0.0"/>
  <testcase name="testFactorialNegativo" classname="com.example.FactorialCalculatorTest" time="0.001"/>
</testsuite>